<?xml version="1.0" encoding="UTF-8"?>
<!-- Generated by org.testng.reporters.JUnitReportReporter -->
<testsuite hostname="DESKTOP-AF33508" failures="0" tests="5" name="com.orangehrm.TestCases.TestLoginPage" time="63.548" errors="0" timestamp="2021-02-06T15:47:07 IST" skipped="0">
  <testcase classname="com.orangehrm.TestCases.TestLoginPage" name="loginTest" time="13.999"/>
  <system-out/>
  <testcase classname="com.orangehrm.TestCases.TestLoginPage" name="loginTest" time="12.477"/>
  <system-out/>
  <testcase classname="com.orangehrm.TestCases.TestLoginPage" name="loginTest" time="12.360"/>
  <system-out/>
  <testcase classname="com.orangehrm.TestCases.TestLoginPage" name="loginTest" time="12.359"/>
  <system-out/>
  <testcase classname="com.orangehrm.TestCases.TestLoginPage" name="loginTest" time="12.353"/>
  <system-out/>
</testsuite> <!-- com.orangehrm.TestCases.TestLoginPage -->
